2025-04-26 20:11:50,607 - INFO - sqlalchemy.engine.Engine - BEGIN (implicit)
2025-04-26 20:11:50,607 - DEBUG - sqlalchemy.engine - Ejecutando consulta: PRAGMA main.table_info("usuarios") — params: ()
2025-04-26 20:11:50,607 - INFO - sqlalchemy.engine.Engine - PRAGMA main.table_info("usuarios")
2025-04-26 20:11:50,607 - INFO - sqlalchemy.engine.Engine - [raw sql] ()
2025-04-26 20:11:50,607 - INFO - sqlalchemy.engine.Engine - COMMIT
2025-04-26 20:11:50,624 - INFO - databases - Connected to database sqlite:///./test.db
2025-04-26 20:11:53,605 - DEBUG - databases - Query: SELECT usuarios.id, usuarios.nombre, usuarios.edad, usuarios.color_favorito FROM usuarios Args: ()
2025-04-26 20:12:13,437 - DEBUG - databases - Query: DELETE FROM usuarios WHERE usuarios.id = ? Args: (1,)
2025-04-26 20:18:58,878 - INFO - databases - Disconnected from database sqlite:///./test.db
2025-04-26 20:26:08,766 - INFO - sqlalchemy.engine.Engine - BEGIN (implicit)
2025-04-26 20:26:08,766 - DEBUG - sqlalchemy.engine - Ejecutando consulta: PRAGMA main.table_info("usuarios") — params: ()
2025-04-26 20:26:08,766 - INFO - sqlalchemy.engine.Engine - PRAGMA main.table_info("usuarios")
2025-04-26 20:26:08,766 - INFO - sqlalchemy.engine.Engine - [raw sql] ()
2025-04-26 20:26:08,766 - INFO - sqlalchemy.engine.Engine - COMMIT
2025-04-26 20:26:08,855 - DEBUG - databases - Query: INSERT INTO usuarios (nombre, edad, color_favorito) VALUES (?, ?, ?) Args: ('Juan', 25, 'Azul')
2025-04-26 20:26:09,249 - DEBUG - databases - Query: SELECT usuarios.id, usuarios.nombre, usuarios.edad, usuarios.color_favorito FROM usuarios Args: ()
2025-04-26 20:26:09,258 - DEBUG - databases - Query: DELETE FROM usuarios WHERE usuarios.id = ? Args: (1,)
2025-04-26 20:29:09,843 - INFO - sqlalchemy.engine.Engine - BEGIN (implicit)
2025-04-26 20:29:09,843 - DEBUG - sqlalchemy.engine - Ejecutando consulta: PRAGMA main.table_info("usuarios") — params: ()
2025-04-26 20:29:09,843 - INFO - sqlalchemy.engine.Engine - PRAGMA main.table_info("usuarios")
2025-04-26 20:29:09,843 - INFO - sqlalchemy.engine.Engine - [raw sql] ()
2025-04-26 20:29:09,843 - INFO - sqlalchemy.engine.Engine - COMMIT
2025-04-26 20:29:09,890 - DEBUG - databases - Query: INSERT INTO usuarios (nombre, edad, color_favorito) VALUES (?, ?, ?) Args: ('Juan', 25, 'Azul')
2025-04-26 20:29:10,292 - DEBUG - databases - Query: SELECT usuarios.id, usuarios.nombre, usuarios.edad, usuarios.color_favorito FROM usuarios Args: ()
2025-04-26 20:32:11,390 - INFO - sqlalchemy.engine.Engine - BEGIN (implicit)
2025-04-26 20:32:11,390 - DEBUG - sqlalchemy.engine - Ejecutando consulta: PRAGMA main.table_info("usuarios") — params: ()
2025-04-26 20:32:11,390 - INFO - sqlalchemy.engine.Engine - PRAGMA main.table_info("usuarios")
2025-04-26 20:32:11,390 - INFO - sqlalchemy.engine.Engine - [raw sql] ()
2025-04-26 20:32:11,390 - INFO - sqlalchemy.engine.Engine - COMMIT
2025-04-26 20:32:11,427 - DEBUG - databases - Query: INSERT INTO usuarios (nombre, edad, color_favorito) VALUES (?, ?, ?) Args: ('Juan', 25, 'Azul')
2025-04-26 20:32:11,636 - DEBUG - databases - Query: SELECT usuarios.id, usuarios.nombre, usuarios.edad, usuarios.color_favorito FROM usuarios Args: ()
2025-04-26 20:33:19,406 - INFO - sqlalchemy.engine.Engine - BEGIN (implicit)
2025-04-26 20:33:19,406 - DEBUG - sqlalchemy.engine - Ejecutando consulta: PRAGMA main.table_info("usuarios") — params: ()
2025-04-26 20:33:19,406 - INFO - sqlalchemy.engine.Engine - PRAGMA main.table_info("usuarios")
2025-04-26 20:33:19,406 - INFO - sqlalchemy.engine.Engine - [raw sql] ()
2025-04-26 20:33:19,406 - INFO - sqlalchemy.engine.Engine - COMMIT
2025-04-26 20:33:19,441 - DEBUG - databases - Query: INSERT INTO usuarios (nombre, edad, color_favorito) VALUES (?, ?, ?) Args: ('Juan', 25, 'Azul')
2025-04-26 20:33:19,636 - DEBUG - databases - Query: SELECT usuarios.id, usuarios.nombre, usuarios.edad, usuarios.color_favorito FROM usuarios Args: ()
2025-04-26 20:33:19,667 - DEBUG - databases - Query: DELETE FROM usuarios WHERE usuarios.id = ? Args: (1,)
2025-04-26 20:35:46,572 - INFO - sqlalchemy.engine.Engine - BEGIN (implicit)
2025-04-26 20:35:46,572 - DEBUG - sqlalchemy.engine - Ejecutando consulta: PRAGMA main.table_info("usuarios") — params: ()
2025-04-26 20:35:46,572 - INFO - sqlalchemy.engine.Engine - PRAGMA main.table_info("usuarios")
2025-04-26 20:35:46,572 - INFO - sqlalchemy.engine.Engine - [raw sql] ()
2025-04-26 20:35:46,572 - INFO - sqlalchemy.engine.Engine - COMMIT
2025-04-26 20:35:46,614 - DEBUG - databases - Query: INSERT INTO usuarios (nombre, edad, color_favorito) VALUES (?, ?, ?) Args: ('Juan', 25, 'Azul')
2025-04-26 20:35:46,783 - DEBUG - databases - Query: SELECT usuarios.id, usuarios.nombre, usuarios.edad, usuarios.color_favorito FROM usuarios Args: ()
2025-04-26 20:35:46,800 - DEBUG - databases - Query: INSERT INTO usuarios (nombre, edad, color_favorito) VALUES (?, ?, ?) Args: ('Juan', 25, 'Azul')
2025-04-26 20:35:46,960 - DEBUG - databases - Query: DELETE FROM usuarios WHERE usuarios.id = ? Args: (11,)
2025-04-26 20:35:47,092 - DEBUG - databases - Query: SELECT usuarios.id, usuarios.nombre, usuarios.edad, usuarios.color_favorito FROM usuarios WHERE usuarios.id = ? Args: (11,)
